#
# A fatal error has been detected by the Java Runtime Environment:
#
#  Internal Error (0xe06d7363), pid=4520, tid=1744
#
# JRE version: 6.0_17-b04
# Java VM: Java HotSpot(TM) Client VM (14.3-b01 mixed mode windows-x86 )
# Problematic frame:
# C  [KERNELBASE.dll+0xc41f]
#
# If you would like to submit a bug report, please visit:
#   http://java.sun.com/webapps/bugreport/crash.jsp
# The crash happened outside the Java Virtual Machine in native code.
# See problematic frame for where to report the bug.
#

---------------  T H R E A D  ---------------

Current thread (0x06ebdc00):  JavaThread "main" [_thread_in_native, id=1744, stack(0x001f0000,0x009f0000)]

siginfo: ExceptionCode=0xe06d7363, ExceptionInformation=0x19930520 0x009ea9a0 0x7dba5abc 

Registers:
EAX=0x009e4904, EBX=0x12c70c9c, ECX=0x00000003, EDX=0x00000000
ESP=0x009e4904, EBP=0x009e4954, ESI=0x7056c428, EDI=0x00000000
EIP=0x76d0c41f, EFLAGS=0x00200212

Top of Stack: (sp=0x009e4904)
0x009e4904:   e06d7363 00000001 00000000 76d0c41f
0x009e4914:   00000003 19930520 009ea9a0 7dba5abc
0x009e4924:   00000025 0000002f 0000002f 009e4954
0x009e4934:   6f6c63aa 255dfba8 009e4954 6f6c63b5
0x009e4944:   00000025 00000000 009ea9cc 12c70c9c
0x009e4954:   009e498c 74f4df60 e06d7363 00000001
0x009e4964:   00000003 009e4980 e06d7363 00000001
0x009e4974:   00000000 00000000 00000003 19930520 

Instructions: (pc=0x76d0c41f)
0x76d0c40f:   0c eb 03 89 45 c0 8d 45 b0 50 ff 15 5c 11 d0 76
0x76d0c41f:   c9 c2 10 00 cc cc cc cc cc 8b ff 55 8b ec 56 8b 


Stack: [0x001f0000,0x009f0000],  sp=0x009e4904,  free space=8146k
Native frames: (J=compiled Java code, j=interpreted, Vv=VM code, C=native code)
C  [KERNELBASE.dll+0xc41f]
C  [MSVCR90.dll+0x5df60]
C  [libmx.dll+0x291d0]
C  [libmx.dll+0x2923a]
C  [jmi.dll+0xf07d]
C  [jmi.dll+0xf0fc]
C  [jmi.dll+0xfc58]
C  0x7365c613
C  0x7365c59d
C  0x7365c6f7
C  [MSVCP90.dll+0xac36]
C  [nativejmi.dll+0x1550c]
C  [nativejmi.dll+0x155df]
C  [nativejmi.dll+0x179e1]
C  [nativejmi.dll+0x172f6]
C  [mlutil.dll+0x8faf2]
C  [mlutil.dll+0xa6338]
C  [nativejmi.dll+0x17a7a]
j  com.mathworks.jmi.NativeMatlab.PostMatlabMessage(Ljava/lang/Object;J)V+0
j  com.mathworks.jmi.NativeMatlab.postMatlabMessage(Ljava/lang/Object;J)V+3
j  com.mathworks.jmi.NativeMatlab.postMatlabMessage(Ljava/lang/Object;)V+6
j  com.mathworks.jmi.MatlabLooper.postMatlabMessage(Lcom/mathworks/services/message/MWMessage;Lcom/mathworks/services/message/MWHandler;)V+30
j  com.mathworks.jmi.MatlabMCR.postAsync(Lcom/mathworks/services/message/MWMessage;Lcom/mathworks/jmi/CompletionObserver;Lcom/mathworks/jmi/MatlabListener;)V+34
j  com.mathworks.jmi.MatlabMCR.stderrString(Ljava/lang/String;)V+42
j  com.mathworks.jmi.MatlabErrStream.flush()V+42
j  java.io.PrintStream.write([BII)V+30
j  sun.nio.cs.StreamEncoder.writeBytes()V+120
J  sun.nio.cs.StreamEncoder.implWrite([CII)V
J  sun.nio.cs.StreamEncoder.write([CII)V
J  java.io.OutputStreamWriter.write([CII)V
j  java.io.BufferedWriter.flushBuffer()V+34
j  java.io.PrintStream.write(Ljava/lang/String;)V+20
j  java.io.PrintStream.print(Ljava/lang/String;)V+9
j  java.io.PrintStream.println(Ljava/lang/Object;)V+11
j  java.lang.Throwable.printStackTrace(Ljava/io/PrintStream;)V+6
j  java.lang.Throwable.printStackTrace()V+4
v  ~StubRoutines::call_stub
V  [jvm.dll+0xecf9c]
V  [jvm.dll+0x1741d1]
V  [jvm.dll+0xed167]
V  [jvm.dll+0xed1dd]
V  [jvm.dll+0xf537c]
C  [jmi.dll+0xf065]
C  [jmi.dll+0xf0fc]
C  [jmi.dll+0xfc58]
C  0x7365c613
C  0x7365c59d
C  0x7365c6f7
C  [MSVCP90.dll+0xac36]
C  [uiw.dll+0x48c39]
C  [uiw.dll+0x491ee]
C  [USER32.dll+0x28336]
C  [USER32.dll+0x180a9]
C  [USER32.dll+0x18ba1]
C  [ntdll.dll+0x1010a]
C  [uiw.dll+0x2a59c]
C  [uiw.dll+0x27660]
C  [libmwbridge.dll+0x48da]
C  [libmwbridge.dll+0x4ebb]
C  [libmwbridge.dll+0x5232]
C  [libmwbridge.dll+0x5388]
C  [libmwbridge.dll+0xb47d]
C  [libmwbridge.dll+0xb5ac]
C  [libmwbridge.dll+0xb91c]
C  [mcr.dll+0x32a23]
C  [mcr.dll+0x18252]
C  [mcr.dll+0x1a525]
C  [mcr.dll+0x1a5a6]
C  [uiw.dll+0x48c39]
C  [uiw.dll+0x491ee]
C  [USER32.dll+0x28336]
C  [USER32.dll+0x180a9]
C  [USER32.dll+0x18ba1]
C  [ntdll.dll+0x1010a]
C  [uiw.dll+0x2a004]
C  [uiw.dll+0x2a05f]
C  [uiw.dll+0x4a1c5]
C  [libuij.dll+0x20727]
C  [libuij.dll+0x20dfc]
C  [libuij.dll+0x21d83]
C  [libuij.dll+0x225ab]
C  [libuij.dll+0x227a6]
C  [libuij.dll+0x2288a]
C  [libuij.dll+0x229f2]
C  [mcr.dll+0x19c0e]
C  [mcr.dll+0x1a85d]
C  [mcr.dll+0x1aaac]
C  [mcr.dll+0x1b936]
C  [MATLAB.exe+0x6202]
C  [MATLAB.exe+0x62c5]
C  [MATLAB.exe+0x638d]
C  [MATLAB.exe+0x6829]
C  [kernel32.dll+0x133aa]
C  [ntdll.dll+0x39ef2]
C  [ntdll.dll+0x39ec5]

Java frames: (J=compiled Java code, j=interpreted, Vv=VM code)
j  com.mathworks.jmi.NativeMatlab.PostMatlabMessage(Ljava/lang/Object;J)V+0
j  com.mathworks.jmi.NativeMatlab.postMatlabMessage(Ljava/lang/Object;J)V+3
j  com.mathworks.jmi.NativeMatlab.postMatlabMessage(Ljava/lang/Object;)V+6
j  com.mathworks.jmi.MatlabLooper.postMatlabMessage(Lcom/mathworks/services/message/MWMessage;Lcom/mathworks/services/message/MWHandler;)V+30
j  com.mathworks.jmi.MatlabMCR.postAsync(Lcom/mathworks/services/message/MWMessage;Lcom/mathworks/jmi/CompletionObserver;Lcom/mathworks/jmi/MatlabListener;)V+34
j  com.mathworks.jmi.MatlabMCR.stderrString(Ljava/lang/String;)V+42
j  com.mathworks.jmi.MatlabErrStream.flush()V+42
j  java.io.PrintStream.write([BII)V+30
j  sun.nio.cs.StreamEncoder.writeBytes()V+120
J  sun.nio.cs.StreamEncoder.implWrite([CII)V
J  sun.nio.cs.StreamEncoder.write([CII)V
J  java.io.OutputStreamWriter.write([CII)V
j  java.io.BufferedWriter.flushBuffer()V+34
j  java.io.PrintStream.write(Ljava/lang/String;)V+20
j  java.io.PrintStream.print(Ljava/lang/String;)V+9
j  java.io.PrintStream.println(Ljava/lang/Object;)V+11
j  java.lang.Throwable.printStackTrace(Ljava/io/PrintStream;)V+6
j  java.lang.Throwable.printStackTrace()V+4
v  ~StubRoutines::call_stub

---------------  P R O C E S S  ---------------

Java Threads: ( => current thread )
  0x224d4800 JavaThread "AWT-EventQueue-0" [_thread_blocked, id=8092, stack(0x24360000,0x243e0000)]
  0x224d4400 JavaThread "AWT-EventQueue-0" [_thread_blocked, id=8212, stack(0x24530000,0x245b0000)]
  0x2220cc00 JavaThread "AWT-EventQueue-0" [_thread_blocked, id=8036, stack(0x240f0000,0x24170000)]
  0x22317000 JavaThread "AWT-EventQueue-0" [_thread_blocked, id=8772, stack(0x2d240000,0x2d2c0000)]
  0x21fd9c00 JavaThread "AWT-EventQueue-0" [_thread_blocked, id=7348, stack(0x2e9a0000,0x2ea20000)]
  0x225dac00 JavaThread "AWT-EventQueue-0" [_thread_blocked, id=8672, stack(0x2cbe0000,0x2cc60000)]
  0x22742400 JavaThread "AWT-EventQueue-0" [_thread_blocked, id=9132, stack(0x2d010000,0x2d090000)]
  0x225db800 JavaThread "AWT-EventQueue-0" [_thread_blocked, id=5156, stack(0x34c20000,0x34ca0000)]
  0x22744800 JavaThread "AWT-EventQueue-0" [_thread_blocked, id=8340, stack(0x34a50000,0x34ad0000)]
  0x22741800 JavaThread "AWT-EventQueue-0" [_thread_blocked, id=8512, stack(0x34ae0000,0x34b60000)]
  0x22517400 JavaThread "AWT-EventQueue-0" [_thread_blocked, id=8844, stack(0x34700000,0x34780000)]
  0x22511800 JavaThread "AWT-EventQueue-0" [_thread_blocked, id=8308, stack(0x34970000,0x349f0000)]
  0x22133800 JavaThread "AWT-EventQueue-0" [_thread_blocked, id=8992, stack(0x281b0000,0x28230000)]
  0x21fdcc00 JavaThread "AWT-EventQueue-0" [_thread_blocked, id=6924, stack(0x2eb50000,0x2ebd0000)]
  0x21fdbc00 JavaThread "AWT-EventQueue-0" [_thread_blocked, id=8876, stack(0x34880000,0x34900000)]
  0x21fdb400 JavaThread "AWT-EventQueue-0" [_thread_blocked, id=6564, stack(0x2ce30000,0x2ceb0000)]
  0x22742000 JavaThread "AWT-EventQueue-0" [_thread_blocked, id=8392, stack(0x2c370000,0x2c3f0000)]
  0x22741400 JavaThread "AWT-EventQueue-0" [_thread_blocked, id=8460, stack(0x2d780000,0x2d800000)]
  0x225d9400 JavaThread "AWT-EventQueue-0" [_thread_blocked, id=7812, stack(0x2d1c0000,0x2d240000)]
  0x2268b400 JavaThread "AWT-EventQueue-0" [_thread_blocked, id=7428, stack(0x347c0000,0x34840000)]
  0x2268a800 JavaThread "AWT-EventQueue-0" [_thread_blocked, id=8272, stack(0x2c400000,0x2c480000)]
  0x2268b000 JavaThread "AWT-EventQueue-0" [_thread_blocked, id=376, stack(0x2d940000,0x2d9c0000)]
  0x224ad400 JavaThread "AWT-EventQueue-0" [_thread_blocked, id=8352, stack(0x2c8f0000,0x2c970000)]
  0x224ae800 JavaThread "AWT-EventQueue-0" [_thread_blocked, id=9092, stack(0x09970000,0x099f0000)]
  0x224ac800 JavaThread "AWT-EventQueue-0" [_thread_blocked, id=8160, stack(0x2ec50000,0x2ecd0000)]
  0x22513400 JavaThread "AWT-EventQueue-0" [_thread_blocked, id=6712, stack(0x2c6f0000,0x2c770000)]
  0x22689c00 JavaThread "AWT-EventQueue-0" [_thread_blocked, id=8444, stack(0x2d0b0000,0x2d130000)]
  0x21fdc800 JavaThread "AWT-EventQueue-0" [_thread_blocked, id=5576, stack(0x34640000,0x346c0000)]
  0x22689800 JavaThread "AWT-EventQueue-0" [_thread_blocked, id=5824, stack(0x2c800000,0x2c880000)]
  0x22133000 JavaThread "AWT-EventQueue-0" [_thread_blocked, id=8744, stack(0x2cb40000,0x2cbc0000)]
  0x224a0c00 JavaThread "AWT-EventQueue-0" [_thread_blocked, id=7504, stack(0x2f110000,0x2f190000)]
  0x224a0000 JavaThread "AWT-EventQueue-0" [_thread_blocked, id=7972, stack(0x2d350000,0x2d3d0000)]
  0x2249f400 JavaThread "AWT-EventQueue-0" [_thread_blocked, id=8776, stack(0x2c1f0000,0x2c270000)]
  0x22689000 JavaThread "AWT-EventQueue-0" [_thread_blocked, id=2516, stack(0x2ed00000,0x2ed80000)]
  0x21f89000 JavaThread "AWT-EventQueue-0" [_thread_blocked, id=7228, stack(0x2d820000,0x2d8a0000)]
  0x21fdd400 JavaThread "AWT-EventQueue-0" [_thread_blocked, id=8944, stack(0x34590000,0x34610000)]
  0x21fdd800 JavaThread "AWT-EventQueue-0" [_thread_blocked, id=5892, stack(0x2ef70000,0x2eff0000)]
  0x21fdc000 JavaThread "AWT-EventQueue-0" [_thread_blocked, id=7596, stack(0x2cec0000,0x2cf40000)]
  0x224ad000 JavaThread "AWT-EventQueue-0" [_thread_blocked, id=8176, stack(0x2c770000,0x2c7f0000)]
  0x2268a400 JavaThread "AWT-EventQueue-0" [_thread_blocked, id=8636, stack(0x2eda0000,0x2ee20000)]
  0x22688c00 JavaThread "AWT-EventQueue-0" [_thread_blocked, id=8028, stack(0x2ee30000,0x2eeb0000)]
  0x22513c00 JavaThread "AWT-EventQueue-0" [_thread_blocked, id=7004, stack(0x2eef0000,0x2ef70000)]
  0x224abc00 JavaThread "AWT-EventQueue-0" [_thread_blocked, id=8564, stack(0x2bf90000,0x2c010000)]
  0x224ac400 JavaThread "AWT-EventQueue-0" [_thread_blocked, id=7904, stack(0x28fb0000,0x29030000)]
  0x22687800 JavaThread "AWT-EventQueue-0" [_thread_blocked, id=5344, stack(0x2a280000,0x2a300000)]
  0x22686800 JavaThread "AWT-EventQueue-0" [_thread_blocked, id=7844, stack(0x2be70000,0x2bef0000)]
  0x22687400 JavaThread "AWT-EventQueue-0" [_thread_blocked, id=8244, stack(0x2cd90000,0x2ce10000)]
  0x224a0800 JavaThread "AWT-EventQueue-0" [_thread_blocked, id=7808, stack(0x2f480000,0x2f500000)]
  0x224ab000 JavaThread "AWT-EventQueue-0" [_thread_blocked, id=2948, stack(0x2f270000,0x2f2f0000)]
  0x224ae000 JavaThread "AWT-EventQueue-0" [_thread_blocked, id=3552, stack(0x2c5b0000,0x2c630000)]
  0x22686000 JavaThread "AWT-EventQueue-0" [_thread_blocked, id=9204, stack(0x2f1a0000,0x2f220000)]
  0x22688400 JavaThread "AWT-EventQueue-0" [_thread_blocked, id=8208, stack(0x2c4e0000,0x2c560000)]
  0x22685c00 JavaThread "AWT-EventQueue-0" [_thread_blocked, id=4552, stack(0x2f6c0000,0x2f740000)]
  0x22681400 JavaThread "AWT-EventQueue-0" [_thread_blocked, id=9208, stack(0x2acc0000,0x2ad40000)]
  0x22686c00 JavaThread "AWT-EventQueue-0" [_thread_blocked, id=3108, stack(0x2ac30000,0x2acb0000)]
  0x2222d000 JavaThread "AWT-EventQueue-0" [_thread_blocked, id=6744, stack(0x2b5a0000,0x2b620000)]
  0x22685000 JavaThread "AWT-EventQueue-0" [_thread_blocked, id=7936, stack(0x344f0000,0x34570000)]
  0x22685400 JavaThread "AWT-EventQueue-0" [_thread_blocked, id=8652, stack(0x2f560000,0x2f5e0000)]
  0x2222c400 JavaThread "AWT-EventQueue-0" [_thread_blocked, id=7948, stack(0x299b0000,0x29a30000)]
  0x224a1400 JavaThread "AWT-EventQueue-0" [_thread_blocked, id=5044, stack(0x2f330000,0x2f3b0000)]
  0x22684800 JavaThread "AWT-EventQueue-0" [_thread_blocked, id=2588, stack(0x338e0000,0x33960000)]
  0x22684400 JavaThread "AWT-EventQueue-0" [_thread_blocked, id=9072, stack(0x2f610000,0x2f690000)]
  0x2222b800 JavaThread "AWT-EventQueue-0" [_thread_blocked, id=9080, stack(0x29e10000,0x29e90000)]
  0x2222bc00 JavaThread "AWT-EventQueue-0" [_thread_blocked, id=8360, stack(0x2c010000,0x2c090000)]
  0x22683c00 JavaThread "AWT-EventQueue-0" [_thread_blocked, id=7216, stack(0x2f780000,0x2f800000)]
  0x22688000 JavaThread "AWT-EventQueue-0" [_thread_blocked, id=7628, stack(0x2ca40000,0x2cac0000)]
  0x21fde000 JavaThread "AWT-EventQueue-0" [_thread_blocked, id=8288, stack(0x33410000,0x33490000)]
  0x22683800 JavaThread "AWT-EventQueue-0" [_thread_blocked, id=6112, stack(0x2f880000,0x2f900000)]
  0x21f89800 JavaThread "AWT-EventQueue-0" [_thread_blocked, id=1684, stack(0x2f9a0000,0x2fa20000)]
  0x21f89c00 JavaThread "AWT-EventQueue-0" [_thread_blocked, id=8988, stack(0x2a320000,0x2a3a0000)]
  0x22682c00 JavaThread "AWT-EventQueue-0" [_thread_blocked, id=9188, stack(0x2bf10000,0x2bf90000)]
  0x22683000 JavaThread "AWT-EventQueue-0" [_thread_blocked, id=2128, stack(0x1e2d0000,0x1e350000)]
  0x22682400 JavaThread "AWT-EventQueue-0" [_thread_blocked, id=7572, stack(0x2f800000,0x2f880000)]
  0x2249e800 JavaThread "AWT-EventQueue-0" [_thread_blocked, id=9108, stack(0x2c2e0000,0x2c360000)]
  0x224a1800 JavaThread "AWT-EventQueue-0" [_thread_blocked, id=9176, stack(0x34440000,0x344c0000)]
  0x2222b000 JavaThread "AWT-EventQueue-0" [_thread_blocked, id=4700, stack(0x34390000,0x34410000)]
  0x2222ac00 JavaThread "AWT-EventQueue-0" [_thread_blocked, id=2624, stack(0x335d0000,0x33650000)]
  0x224a2000 JavaThread "AWT-EventQueue-0" [_thread_blocked, id=8608, stack(0x33860000,0x338e0000)]
  0x22682000 JavaThread "AWT-EventQueue-0" [_thread_blocked, id=6076, stack(0x2c640000,0x2c6c0000)]
  0x22680000 JavaThread "AWT-EventQueue-0" [_thread_blocked, id=8124, stack(0x2a1e0000,0x2a260000)]
  0x2222a400 JavaThread "AWT-EventQueue-0" [_thread_blocked, id=5300, stack(0x29d90000,0x29e10000)]
  0x2222a000 JavaThread "AWT-EventQueue-0" [_thread_blocked, id=9016, stack(0x33e00000,0x33e80000)]
  0x2267fc00 JavaThread "AWT-EventQueue-0" [_thread_blocked, id=9008, stack(0x33c70000,0x33cf0000)]
  0x2267d800 JavaThread "AWT-EventQueue-0" [_thread_blocked, id=4432, stack(0x33960000,0x339e0000)]
  0x2267f400 JavaThread "AWT-EventQueue-0" [_thread_blocked, id=8852, stack(0x33cf0000,0x33d70000)]
  0x22681800 JavaThread "AWT-EventQueue-0" [_thread_blocked, id=9120, stack(0x2f910000,0x2f990000)]
  0x2267f000 JavaThread "AWT-EventQueue-0" [_thread_blocked, id=3092, stack(0x33af0000,0x33b70000)]
  0x22223800 JavaThread "AWT-EventQueue-0" [_thread_blocked, id=3448, stack(0x29920000,0x299a0000)]
  0x22221400 JavaThread "AWT-EventQueue-0" [_thread_blocked, id=8872, stack(0x2cc60000,0x2cce0000)]
  0x2267e800 JavaThread "AWT-EventQueue-0" [_thread_blocked, id=8132, stack(0x33b80000,0x33c00000)]
  0x2267dc00 JavaThread "AWT-EventQueue-0" [_thread_blocked, id=8796, stack(0x292e0000,0x29360000)]
  0x2267e400 JavaThread "AWT-EventQueue-0" [_thread_blocked, id=7436, stack(0x336f0000,0x33770000)]
  0x22222800 JavaThread "AWT-EventQueue-0" [_thread_blocked, id=3456, stack(0x29400000,0x29480000)]
  0x22222c00 JavaThread "AWT-EventQueue-0" [_thread_blocked, id=9152, stack(0x33d80000,0x33e00000)]
  0x2267cc00 JavaThread "AWT-EventQueue-0" [_thread_blocked, id=4772, stack(0x29ba0000,0x29c20000)]
  0x2267c400 JavaThread "AWT-EventQueue-0" [_thread_blocked, id=9084, stack(0x342f0000,0x34370000)]
  0x2267d000 JavaThread "AWT-EventQueue-0" [_thread_blocked, id=7544, stack(0x29a70000,0x29af0000)]
  0x22221000 JavaThread "AWT-EventQueue-0" [_thread_blocked, id=8424, stack(0x27b80000,0x27c00000)]
  0x22221c00 JavaThread "AWT-EventQueue-0" [_thread_blocked, id=9076, stack(0x340b0000,0x34130000)]
  0x2267c000 JavaThread "AWT-EventQueue-0" [_thread_blocked, id=7236, stack(0x294c0000,0x29540000)]
  0x22132c00 JavaThread "AWT-EventQueue-0" [_thread_blocked, id=7444, stack(0x33fe0000,0x34060000)]
  0x22133c00 JavaThread "AWT-EventQueue-0" [_thread_blocked, id=8316, stack(0x33ed0000,0x33f50000)]
  0x225d8400 JavaThread "AWT-EventQueue-0" [_thread_blocked, id=8432, stack(0x33f60000,0x33fe0000)]
  0x224adc00 JavaThread "AWT-EventQueue-0" [_thread_blocked, id=7860, stack(0x33a40000,0x33ac0000)]
  0x224ab800 JavaThread "AWT-EventQueue-0" [_thread_blocked, id=8136, stack(0x29200000,0x29280000)]
  0x2240e000 JavaThread "AWT-EventQueue-0" [_thread_blocked, id=9024, stack(0x2f3d0000,0x2f450000)]
  0x22222000 JavaThread "AWT-EventQueue-0" [_thread_blocked, id=8452, stack(0x33520000,0x335a0000)]
  0x0e647000 JavaThread "AWT-EventQueue-0" [_thread_blocked, id=9040, stack(0x34210000,0x34290000)]
  0x22680800 JavaThread "AWT-EventQueue-0" [_thread_blocked, id=9028, stack(0x33770000,0x337f0000)]
  0x22680c00 JavaThread "AWT-EventQueue-0" [_thread_blocked, id=7880, stack(0x33670000,0x336f0000)]
  0x21fda400 JavaThread "AWT-EventQueue-0" [_thread_blocked, id=8044, stack(0x28570000,0x285f0000)]
  0x22743800 JavaThread "AWT-EventQueue-0" [_thread_blocked, id=8964, stack(0x2e920000,0x2e9a0000)]
  0x21fd8c00 JavaThread "AWT-EventQueue-0" [_thread_blocked, id=7580, stack(0x2dd40000,0x2ddc0000)]
  0x224b5400 JavaThread "AWT-EventQueue-0" [_thread_blocked, id=9096, stack(0x26ed0000,0x26f50000)]
  0x22557c00 JavaThread "AWT-EventQueue-0" [_thread_blocked, id=356, stack(0x27190000,0x27210000)]
  0x224f1000 JavaThread "AWT-EventQueue-0" [_thread_blocked, id=7068, stack(0x266a0000,0x26720000)]
  0x22538c00 JavaThread "AWT-EventQueue-0" [_thread_blocked, id=3376, stack(0x21c10000,0x21c90000)]
  0x0e649400 JavaThread "AWT-EventQueue-0" [_thread_blocked, id=8416, stack(0x267b0000,0x26830000)]
  0x22517800 JavaThread "AWT-EventQueue-0" [_thread_blocked, id=7272, stack(0x26730000,0x267b0000)]
  0x2253cc00 JavaThread "AWT-EventQueue-0" [_thread_blocked, id=2788, stack(0x355e0000,0x35660000)]
  0x2253e800 JavaThread "AWT-EventQueue-0" [_thread_blocked, id=3444, stack(0x35420000,0x354a0000)]
  0x2255ac00 JavaThread "AWT-EventQueue-0" [_thread_blocked, id=8576, stack(0x40e50000,0x40ed0000)]
  0x2255b800 JavaThread "AWT-EventQueue-0" [_thread_blocked, id=8620, stack(0x26dc0000,0x26e40000)]
  0x22515c00 JavaThread "AWT-EventQueue-0" [_thread_blocked, id=3068, stack(0x3e3e0000,0x3e460000)]
  0x0e64a400 JavaThread "Timer-264" [_thread_blocked, id=3700, stack(0x093e0000,0x09460000)]
  0x2240ec00 JavaThread "Foxtrot Single Worker Thread #1" daemon [_thread_blocked, id=2032, stack(0x04de0000,0x04e60000)]
  0x22410c00 JavaThread "Code Analyzer updating thread" [_thread_blocked, id=7536, stack(0x24940000,0x249c0000)]
  0x2240e800 JavaThread "Code Analyzer updating thread" [_thread_blocked, id=7328, stack(0x09800000,0x09880000)]
  0x22411000 JavaThread "Code Analyzer updating thread" [_thread_blocked, id=3960, stack(0x23e90000,0x23f10000)]
  0x21e93c00 JavaThread "Code Analyzer updating thread" [_thread_blocked, id=3868, stack(0x230f0000,0x23170000)]
  0x21e93400 JavaThread "Active Reference Queue Daemon" daemon [_thread_blocked, id=7396, stack(0x231f0000,0x23270000)]
  0x21e93000 JavaThread "Timer-7" daemon [_thread_blocked, id=5148, stack(0x23050000,0x230d0000)]
  0x0e64bc00 JavaThread "Timer-6" daemon [_thread_blocked, id=2704, stack(0x22e90000,0x22f10000)]
  0x0e649c00 JavaThread "Prefs Updater" daemon [_thread_blocked, id=6660, stack(0x21d90000,0x21e10000)]
  0x0e649000 JavaThread "FelixPackageAdmin" daemon [_thread_blocked, id=5192, stack(0x1ee80000,0x1ef00000)]
  0x0e648800 JavaThread "FelixStartLevel" daemon [_thread_blocked, id=1512, stack(0x1ed20000,0x1eda0000)]
  0x0e648400 JavaThread "FelixDispatchQueue" daemon [_thread_blocked, id=6600, stack(0x1ee00000,0x1ee80000)]
  0x0e647800 JavaThread "TimerQueue" daemon [_thread_blocked, id=7924, stack(0x0fb10000,0x0fb90000)]
  0x0e646c00 JavaThread "com.google.common.base.internal.Finalizer" daemon [_thread_blocked, id=8040, stack(0x0f960000,0x0f9e0000)]
  0x0e646000 JavaThread "AWT-Windows" daemon [_thread_blocked, id=5392, stack(0x0f5d0000,0x0f650000)]
  0x0e645800 JavaThread "AWT-Shutdown" [_thread_blocked, id=6844, stack(0x09180000,0x09200000)]
  0x0e645400 JavaThread "Java2D Disposer" daemon [_thread_blocked, id=7900, stack(0x0f510000,0x0f590000)]
  0x0e644800 JavaThread "Timer-0" [_thread_blocked, id=7732, stack(0x0d290000,0x0d310000)]
  0x0e644000 JavaThread "JMI Unnamed Thread" [_thread_in_native, id=4956, stack(0x05ff0000,0x067f0000)]
  0x08011800 JavaThread "Low Memory Detector" daemon [_thread_blocked, id=7480, stack(0x0d330000,0x0d3b0000)]
  0x0800f000 JavaThread "CompilerThread0" daemon [_thread_blocked, id=7284, stack(0x0d3d0000,0x0dbd0000)]
  0x08004400 JavaThread "Attach Listener" daemon [_thread_blocked, id=7768, stack(0x0d0e0000,0x0d160000)]
  0x07fcf400 JavaThread "Finalizer" daemon [_thread_blocked, id=3356, stack(0x0c2e0000,0x0c360000)]
  0x07fce000 JavaThread "Reference Handler" daemon [_thread_blocked, id=7940, stack(0x08830000,0x088b0000)]
=>0x06ebdc00 JavaThread "main" [_thread_in_native, id=1744, stack(0x001f0000,0x009f0000)]

Other Threads:
  0x07fcb400 VMThread [stack: 0x0bae0000,0x0c2e0000] [id=7796]
  0x0802c000 WatcherThread [stack: 0x0dda0000,0x0e5a0000] [id=4484]

VM state:at safepoint (normal execution)

VM Mutex/Monitor currently owned by a thread:  ([mutex/lock_event])
[0x06ebbf68] Threads_lock - owner thread: 0x07fcb400
[0x06ebc378] Heap_lock - owner thread: 0x224d4800

Heap
 def new generation   total 29504K, used 29504K [0x10010000, 0x12010000, 0x12010000)
  eden space 26240K, 100% used [0x10010000, 0x119b0000, 0x119b0000)
  from space 3264K, 100% used [0x119b0000, 0x11ce0000, 0x11ce0000)
  to   space 3264K,   0% used [0x11ce0000, 0x11ce0000, 0x12010000)
 tenured generation   total 98304K, used 98303K [0x12010000, 0x18010000, 0x18010000)
   the space 98304K,  99% used [0x12010000, 0x1800fff8, 0x18010000, 0x18010000)
 compacting perm gen  total 37376K, used 37263K [0x18010000, 0x1a490000, 0x1c010000)
   the space 37376K,  99% used [0x18010000, 0x1a473c20, 0x1a473e00, 0x1a490000)
No shared spaces configured.

Dynamic libraries:
0x01380000 - 0x013a5000 	C:\Program Files (x86)\MATLAB\R2011a\bin\win32\MATLAB.exe
0x779c0000 - 0x77b40000 	C:\Windows\SysWOW64\ntdll.dll
0x76e00000 - 0x76f10000 	C:\Windows\syswow64\kernel32.dll
0x76d00000 - 0x76d47000 	C:\Windows\syswow64\KERNELBASE.dll
0x7ef10000 - 0x7efcd000 	C:\Program Files (x86)\MATLAB\R2011a\bin\win32\libut.dll
0x7dce0000 - 0x7dd35000 	C:\Program Files (x86)\MATLAB\R2011a\bin\win32\libmwi18n.dll
0x10000000 - 0x10009000 	C:\Program Files (x86)\MATLAB\R2011a\bin\win32\libmwresource_core.dll
0x6f6c0000 - 0x6f74e000 	C:\Windows\WinSxS\x86_microsoft.vc90.crt_1fc8b3b9a1e18e3b_9.0.30729.6161_none_50934f2ebcb7eb57\MSVCP90.dll
0x74ef0000 - 0x74f93000 	C:\Windows\WinSxS\x86_microsoft.vc90.crt_1fc8b3b9a1e18e3b_9.0.30729.6161_none_50934f2ebcb7eb57\MSVCR90.dll
0x73d00000 - 0x73d0e000 	C:\Program Files (x86)\MATLAB\R2011a\bin\win32\boost_date_time-vc90-mt-1_40.dll
0x736b0000 - 0x736c3000 	C:\Program Files (x86)\MATLAB\R2011a\bin\win32\boost_filesystem-vc90-mt-1_40.dll
0x73f70000 - 0x73f77000 	C:\Program Files (x86)\MATLAB\R2011a\bin\win32\boost_system-vc90-mt-1_40.dll
0x73d10000 - 0x73d1f000 	C:\Program Files (x86)\MATLAB\R2011a\bin\win32\boost_thread-vc90-mt-1_40.dll
0x73550000 - 0x7356f000 	C:\Program Files (x86)\MATLAB\R2011a\bin\win32\LIBEXPAT.dll
0x72eb0000 - 0x73009000 	C:\Program Files (x86)\MATLAB\R2011a\bin\win32\icuin42.dll
0x7ea10000 - 0x7eb35000 	C:\Program Files (x86)\MATLAB\R2011a\bin\win32\icuuc42.dll
0x76d60000 - 0x76e00000 	C:\Windows\syswow64\ADVAPI32.dll
0x75120000 - 0x751cc000 	C:\Windows\syswow64\msvcrt.dll
0x76940000 - 0x76959000 	C:\Windows\SysWOW64\sechost.dll
0x759e0000 - 0x75ad0000 	C:\Windows\syswow64\RPCRT4.dll
0x750a0000 - 0x75100000 	C:\Windows\syswow64\SspiCli.dll
0x75090000 - 0x7509c000 	C:\Windows\syswow64\CRYPTBASE.dll
0x013b0000 - 0x022f7000 	C:\Program Files (x86)\MATLAB\R2011a\bin\win32\icudt42.dll
0x7ee50000 - 0x7ef07000 	C:\Program Files (x86)\MATLAB\R2011a\bin\win32\libmwfl.dll
0x009f0000 - 0x00a67000 	C:\Program Files (x86)\MATLAB\R2011a\bin\win32\libmwMATLAB_res.dll
0x73c80000 - 0x73c8f000 	C:\Program Files (x86)\MATLAB\R2011a\bin\win32\boost_signals-vc90-mt-1_40.dll
0x76910000 - 0x7693a000 	C:\Windows\syswow64\imagehlp.dll
0x77990000 - 0x77995000 	C:\Windows\syswow64\PSAPI.DLL
0x73db0000 - 0x73dbe000 	C:\Program Files (x86)\MATLAB\R2011a\bin\win32\icuio42.dll
0x70c80000 - 0x70d6b000 	C:\Windows\system32\dbghelp.dll
0x76c00000 - 0x76d00000 	C:\Windows\syswow64\USER32.dll
0x757b0000 - 0x75840000 	C:\Windows\syswow64\GDI32.dll
0x75110000 - 0x7511a000 	C:\Windows\syswow64\LPK.dll
0x76f10000 - 0x76fad000 	C:\Windows\syswow64\USP10.dll
0x754e0000 - 0x7567b000 	C:\Program Files (x86)\MATLAB\R2011a\bin\win32\libmwservices.dll
0x7db50000 - 0x7dbb9000 	C:\Program Files (x86)\MATLAB\R2011a\bin\win32\libmx.dll
0x73730000 - 0x73743000 	C:\Program Files (x86)\MATLAB\R2011a\bin\win32\zlib1.dll
0x7e800000 - 0x7e8ee000 	C:\Program Files (x86)\MATLAB\R2011a\bin\win32\libmwmathutil.dll
0x70900000 - 0x7093b000 	C:\Program Files (x86)\MATLAB\R2011a\bin\win32\mpath.dll
0x72990000 - 0x72b75000 	C:\Program Files (x86)\MATLAB\R2011a\bin\win32\mlutil.dll
0x708a0000 - 0x708fd000 	C:\Program Files (x86)\MATLAB\R2011a\bin\win32\xmlcore.dll
0x71cf0000 - 0x71ea2000 	C:\Program Files (x86)\MATLAB\R2011a\bin\win32\xerces-c_2_7.dll
0x75420000 - 0x75455000 	C:\Windows\syswow64\WS2_32.dll
0x76d50000 - 0x76d56000 	C:\Windows\syswow64\NSI.dll
0x00ae0000 - 0x00b13000 	C:\Program Files (x86)\MATLAB\R2011a\bin\win32\tbb.dll
0x75cc0000 - 0x7690b000 	C:\Windows\syswow64\SHELL32.dll
0x76fb0000 - 0x77007000 	C:\Windows\syswow64\SHLWAPI.dll
0x73340000 - 0x733c4000 	C:\Windows\WinSxS\x86_microsoft.windows.common-controls_6595b64144ccf1df_5.82.7601.17514_none_ec83dffa859149af\COMCTL32.dll
0x76b80000 - 0x76bfb000 	C:\Windows\syswow64\COMDLG32.dll
0x73200000 - 0x73211000 	C:\Windows\system32\NETAPI32.dll
0x00b30000 - 0x00b39000 	C:\Windows\system32\netutils.dll
0x00b40000 - 0x00b59000 	C:\Windows\system32\srvcli.dll
0x00b60000 - 0x00b6f000 	C:\Windows\system32\wkscli.dll
0x75b60000 - 0x75cbc000 	C:\Windows\syswow64\ole32.dll
0x77010000 - 0x7709f000 	C:\Windows\syswow64\OLEAUT32.dll
0x00c20000 - 0x00ca9000 	C:\Program Files (x86)\MATLAB\R2011a\bin\win32\mcr.dll
0x7d4b0000 - 0x7d547000 	C:\Program Files (x86)\MATLAB\R2011a\bin\win32\iqm.dll
0x67b50000 - 0x6801a000 	C:\Program Files (x86)\MATLAB\R2011a\bin\win32\m_interpreter.dll
0x70f80000 - 0x70f8d000 	C:\Program Files (x86)\MATLAB\R2011a\bin\win32\libmex.dll
0x70820000 - 0x70891000 	C:\Program Files (x86)\MATLAB\R2011a\bin\win32\m_dispatcher.dll
0x00cd0000 - 0x00d6c000 	C:\Program Files (x86)\MATLAB\R2011a\bin\win32\boost_regex-vc90-mt-1_40.dll
0x707c0000 - 0x70818000 	C:\Program Files (x86)\MATLAB\R2011a\bin\win32\profiler.dll
0x734f0000 - 0x73513000 	C:\Program Files (x86)\MATLAB\R2011a\bin\win32\libmwmathrng.dll
0x70960000 - 0x70974000 	C:\Program Files (x86)\MATLAB\R2011a\bin\win32\m_pcodeio.dll
0x7e080000 - 0x7e0c5000 	C:\Program Files (x86)\MATLAB\R2011a\bin\win32\m_ir.dll
0x6beb0000 - 0x6c3d8000 	C:\Program Files (x86)\MATLAB\R2011a\bin\win32\m_parser.dll
0x70940000 - 0x70952000 	C:\Program Files (x86)\MATLAB\R2011a\bin\win32\ir_xfmr.dll
0x6c6e0000 - 0x6c857000 	C:\Program Files (x86)\MATLAB\R2011a\bin\win32\mcos.dll
0x70f90000 - 0x70f9a000 	C:\Program Files (x86)\MATLAB\R2011a\bin\win32\mtok.dll
0x70780000 - 0x707a0000 	C:\Program Files (x86)\MATLAB\R2011a\bin\win32\m_pcodegen.dll
0x7e000000 - 0x7e045000 	C:\Program Files (x86)\MATLAB\R2011a\bin\win32\libmwspmatrix.dll
0x7e1c0000 - 0x7e1e3000 	C:\Program Files (x86)\MATLAB\R2011a\bin\win32\libmwbridge.dll
0x706f0000 - 0x70778000 	C:\Program Files (x86)\MATLAB\R2011a\bin\win32\udd.dll
0x70590000 - 0x70691000 	C:\Program Files (x86)\MATLAB\R2011a\bin\win32\libmwgui.dll
0x707a0000 - 0x707b2000 	C:\Program Files (x86)\MATLAB\R2011a\bin\win32\graphics_util.dll
0x675d0000 - 0x67b4c000 	C:\Program Files (x86)\MATLAB\R2011a\bin\win32\hg.dll
0x00f70000 - 0x00fa8000 	C:\Program Files (x86)\MATLAB\R2011a\bin\win32\libmat.dll
0x00fc0000 - 0x01187000 	C:\Program Files (x86)\MATLAB\R2011a\bin\win32\libhdf5.dll
0x70530000 - 0x7058a000 	C:\Program Files (x86)\MATLAB\R2011a\bin\win32\jmi.dll
0x011b0000 - 0x011bb000 	C:\Program Files (x86)\MATLAB\R2011a\bin\win32\nativejava_services.dll
0x70500000 - 0x7052d000 	C:\Program Files (x86)\MATLAB\R2011a\bin\win32\libmwhardcopy.dll
0x704c0000 - 0x704fe000 	C:\Program Files (x86)\MATLAB\R2011a\bin\win32\libuij.dll
0x68860000 - 0x6899d000 	C:\Program Files (x86)\MATLAB\R2011a\bin\win32\hgdatatypes.dll
0x70440000 - 0x704ba000 	C:\Program Files (x86)\MATLAB\R2011a\bin\win32\hgutils.dll
0x6e990000 - 0x6e9c5000 	C:\Program Files (x86)\MATLAB\R2011a\bin\win32\libmwlapack.dll
0x706e0000 - 0x706ee000 	C:\Program Files (x86)\MATLAB\R2011a\bin\win32\libmwbinder.dll
0x706d0000 - 0x706d9000 	C:\Program Files (x86)\MATLAB\R2011a\bin\win32\libmwompwrapper.dll
0x02300000 - 0x02593000 	C:\Program Files (x86)\MATLAB\R2011a\bin\win32\uiw.dll
0x706c0000 - 0x706c9000 	C:\Program Files (x86)\MATLAB\R2011a\bin\win32\uinone.dll
0x66490000 - 0x6682d000 	C:\Windows\WinSxS\x86_microsoft.vc90.mfc_1fc8b3b9a1e18e3b_9.0.30729.6161_none_4bf7e3e2bf9ada4c\mfc90.dll
0x71120000 - 0x71125000 	C:\Windows\system32\MSIMG32.dll
0x710c0000 - 0x71111000 	C:\Windows\system32\WINSPOOL.DRV
0x6e910000 - 0x6e98a000 	C:\Program Files (x86)\MATLAB\R2011a\bin\win32\udd_mi.dll
0x6fcf0000 - 0x6fd03000 	C:\Program Files (x86)\MATLAB\R2011a\bin\win32\mwoles05.DLL
0x6e8c0000 - 0x6e90b000 	C:\Program Files (x86)\MATLAB\R2011a\bin\win32\comcli.dll
0x6c6b0000 - 0x6c6db000 	C:\Windows\WinSxS\x86_microsoft.vc90.atl_1fc8b3b9a1e18e3b_9.0.30729.6161_none_51cd0a7abbe4e19b\ATL90.DLL
0x70430000 - 0x70439000 	C:\Program Files (x86)\MATLAB\R2011a\bin\win32\mlautoregister.dll
0x012a0000 - 0x012aa000 	C:\Program Files (x86)\MATLAB\R2011a\bin\win32\boost_iostreams-vc90-mt-1_40.dll
0x75b00000 - 0x75b60000 	C:\Windows\system32\IMM32.DLL
0x76980000 - 0x76a4c000 	C:\Windows\syswow64\MSCTF.dll
0x6e780000 - 0x6e800000 	C:\Windows\system32\UxTheme.dll
0x71010000 - 0x71023000 	C:\Windows\system32\dwmapi.dll
0x6fd20000 - 0x6fd2d000 	C:\Windows\WinSxS\x86_microsoft.vc90.mfcloc_1fc8b3b9a1e18e3b_9.0.30729.6161_none_49768ef57548175e\MFC90ENU.DLL
0x01330000 - 0x0134d000 	C:\Program Files (x86)\MATLAB\R2011a\bin\win32\tbbmalloc.dll
0x747d0000 - 0x747db000 	C:\Windows\system32\profapi.dll
0x72130000 - 0x7214c000 	C:\Windows\system32\iphlpapi.dll
0x72120000 - 0x72127000 	C:\Windows\system32\WINNSI.DLL
0x72dc0000 - 0x72e04000 	C:\Windows\system32\DNSAPI.dll
0x71c80000 - 0x71c8d000 	C:\Windows\system32\dhcpcsvc6.DLL
0x71c60000 - 0x71c72000 	C:\Windows\system32\dhcpcsvc.DLL
0x6fbc0000 - 0x6fbc3000 	C:\Windows\system32\icmp.Dll
0x75780000 - 0x757a7000 	C:\Windows\syswow64\CFGMGR32.dll
0x74b30000 - 0x74dbb000 	C:\Program Files (x86)\MATLAB\R2011a\sys\java\jre\win32\jre\bin\client\jvm.dll
0x71150000 - 0x71182000 	C:\Windows\system32\WINMM.dll
0x7d910000 - 0x7d966000 	C:\Program Files (x86)\MATLAB\R2011a\bin\win32\MSVCR71.dll
0x73480000 - 0x734cc000 	C:\Windows\system32\apphelp.dll
0x73da0000 - 0x73dac000 	C:\Program Files (x86)\MATLAB\R2011a\sys\java\jre\win32\jre\bin\verify.dll
0x73570000 - 0x7358f000 	C:\Program Files (x86)\MATLAB\R2011a\sys\java\jre\win32\jre\bin\java.dll
0x73f40000 - 0x73f48000 	C:\Program Files (x86)\MATLAB\R2011a\sys\java\jre\win32\jre\bin\hpi.dll
0x73ce0000 - 0x73cef000 	C:\Program Files (x86)\MATLAB\R2011a\sys\java\jre\win32\jre\bin\zip.dll
0x7daf0000 - 0x7db44000 	C:\Program Files (x86)\MATLAB\R2011a\sys\java\jre\win32\jre\bin\fontmanager.dll
0x0dbd0000 - 0x0dd1a000 	C:\Program Files (x86)\MATLAB\R2011a\sys\java\jre\win32\jre\bin\awt.dll
0x73220000 - 0x73253000 	C:\Program Files (x86)\MATLAB\R2011a\bin\win32\nativejmi.dll
0x73fc0000 - 0x73fc6000 	C:\Program Files (x86)\MATLAB\R2011a\bin\win32\nativeservices.dll
0x73630000 - 0x73644000 	C:\Program Files (x86)\MATLAB\R2011a\bin\win32\nativejava.dll
0x726c0000 - 0x726d2000 	C:\Windows\system32\MPR.dll
0x73bd0000 - 0x73be3000 	C:\Program Files (x86)\MATLAB\R2011a\sys\java\jre\win32\jre\bin\net.dll
0x727b0000 - 0x727ec000 	C:\Windows\system32\mswsock.dll

VM Arguments:
jvm_args: -Xss512k -XX:PermSize=32m -Xms64m -XX:NewRatio=3 -XX:MaxPermSize=64m -Xmx128m -XX:MaxDirectMemorySize=1200000000 -Dsun.java2d.noddraw=true -Dsun.awt.nopixfmt=true -Xshare:off -Xrs -Dsun.awt.disableMixing=true -Djava.library.path=C:\Program Files (x86)\MATLAB\R2011a\bin\win32 vfprintf abort 
java_command: <unknown>
Launcher Type: generic

Environment Variables:
CLASSPATH=.;C:\Program Files (x86)\Java\jre6\lib\ext\QTJava.zip
PATH=C:\Program Files (x86)\MiKTeX 2.9\miktex\bin;C:\Windows\system32;C:\Windows;C:\Windows\System32\Wbem;C:\Windows\System32\WindowsPowerShell\v1.0\;C:\Program Files\jEdit;C:\Program Files (x86)\QuickTime\QTSystem\;C:\Program Files (x86)\ATI Technologies\ATI.ACE\Core-Static;C:\Program Files\MATLAB\R2011a\bin;c:\Program Files (x86)\Microsoft SQL Server\100\Tools\Binn\;c:\Program Files\Microsoft SQL Server\100\Tools\Binn\;c:\Program Files\Microsoft SQL Server\100\DTS\Binn\;C:\Program Files\TortoiseHg\;C:\Program Files (x86)\MATLAB\R2011a\runtime\win32;C:\Program Files (x86)\MATLAB\R2011a\bin;C:\Program Files (x86)\c3d-0.8.2\bin
USERNAME=havm2701
OS=Windows_NT
PROCESSOR_IDENTIFIER=Intel64 Family 6 Model 23 Stepping 10, GenuineIntel



---------------  S Y S T E M  ---------------

OS: Windows 7 Build 7601 Service Pack 1

CPU:total 4 (4 cores per cpu, 1 threads per core) family 6 model 23 stepping 10, cmov, cx8, fxsr, mmx, sse, sse2, sse3, ssse3, sse4.1

Memory: 4k page, physical 4194303k(4194303k free), swap 4194303k(4194303k free)

vm_info: Java HotSpot(TM) Client VM (14.3-b01) for windows-x86 JRE (1.6.0_17-b04), built on Oct 11 2009 00:52:06 by "java_re" with MS VC++ 7.1

time: Wed Jul 10 04:57:30 2013
elapsed time: 48357 seconds

